<?xml version="1.0" encoding="UTF-8"?>
<!-- Generated by org.testng.reporters.JUnitReportReporter -->
<testsuite skipped="0" hostname="DESKTOP-46JVR6E" name="test.git.demo.AppTest" tests="1" failures="0" timestamp="05 Jun 2020 22:41:04 GMT" time="0.019" errors="0">
  <testcase name="testcase" time="0.019" classname="test.git.demo.AppTest"/>
</testsuite> <!-- test.git.demo.AppTest -->
